<?xml version="1.0" encoding="UTF-8"?>
<testng-results ignored="0" total="1" passed="1" failed="0" skipped="0">
  <reporter-output>
  </reporter-output>
  <suite started-at="2021-10-11T12:49:56 IST" name="Suite" finished-at="2021-10-11T12:51:51 IST" duration-ms="114807">
    <groups>
    </groups>
    <test started-at="2021-10-11T12:49:56 IST" name="MangoApps" finished-at="2021-10-11T12:51:51 IST" duration-ms="114807">
      <class name="tests.SurveyTest">
        <test-method is-config="true" signature="beforeSuiteMethod()[pri:0, instance:tests.SurveyTest@54bff557]" started-at="2021-10-11T12:49:56 IST" name="beforeSuiteMethod" finished-at="2021-10-11T12:49:56 IST" duration-ms="139" status="PASS">
          <reporter-output>
          </reporter-output>
        </test-method> <!-- beforeSuiteMethod -->
        <test-method is-config="true" signature="beforeClassMethod()[pri:0, instance:tests.SurveyTest@54bff557]" started-at="2021-10-11T12:49:56 IST" name="beforeClassMethod" finished-at="2021-10-11T12:49:56 IST" duration-ms="0" status="PASS">
          <reporter-output>
          </reporter-output>
        </test-method> <!-- beforeClassMethod -->
        <test-method is-config="true" signature="beforeMethod(java.lang.String)[pri:0, instance:tests.SurveyTest@54bff557]" started-at="2021-10-11T12:49:56 IST" name="beforeMethod" finished-at="2021-10-11T12:49:57 IST" duration-ms="1572" status="PASS">
          <params>
            <param index="0">
              <value>
                <![CDATA[chrome]]>
              </value>
            </param>
          </params>
          <reporter-output>
          </reporter-output>
        </test-method> <!-- beforeMethod -->
        <test-method signature="surveyTestCases()[pri:7, instance:tests.SurveyTest@54bff557]" started-at="2021-10-11T12:49:57 IST" name="surveyTestCases" finished-at="2021-10-11T12:51:50 IST" duration-ms="112277" status="PASS">
          <reporter-output>
          </reporter-output>
        </test-method> <!-- surveyTestCases -->
        <test-method is-config="true" signature="afterMethod()[pri:0, instance:tests.SurveyTest@54bff557]" started-at="2021-10-11T12:51:50 IST" name="afterMethod" finished-at="2021-10-11T12:51:51 IST" duration-ms="927" status="PASS">
          <reporter-output>
          </reporter-output>
        </test-method> <!-- afterMethod -->
        <test-method is-config="true" signature="afterClassMethod()[pri:0, instance:tests.SurveyTest@54bff557]" started-at="2021-10-11T12:51:51 IST" name="afterClassMethod" finished-at="2021-10-11T12:51:51 IST" duration-ms="1" status="PASS">
          <reporter-output>
          </reporter-output>
        </test-method> <!-- afterClassMethod -->
      </class> <!-- tests.SurveyTest -->
    </test> <!-- MangoApps -->
  </suite> <!-- Suite -->
</testng-results>
