<?xml version="1.0" encoding="UTF-8"?>
<testng-results ignored="0" total="1" passed="1" failed="0" skipped="0">
  <reporter-output>
  </reporter-output>
  <suite started-at="2021-10-04T15:34:43 IST" name="Suite" finished-at="2021-10-04T15:38:31 IST" duration-ms="228582">
    <groups>
    </groups>
    <test started-at="2021-10-04T15:34:43 IST" name="MangoApps" finished-at="2021-10-04T15:38:31 IST" duration-ms="228582">
      <class name="tests.TrackerTest">
        <test-method is-config="true" signature="beforeSuiteMethod()[pri:0, instance:tests.TrackerTest@54bff557]" started-at="2021-10-04T15:34:43 IST" name="beforeSuiteMethod" finished-at="2021-10-04T15:34:43 IST" duration-ms="127" status="PASS">
          <reporter-output>
          </reporter-output>
        </test-method> <!-- beforeSuiteMethod -->
        <test-method is-config="true" signature="beforeClassMethod()[pri:0, instance:tests.TrackerTest@54bff557]" started-at="2021-10-04T15:34:43 IST" name="beforeClassMethod" finished-at="2021-10-04T15:34:43 IST" duration-ms="0" status="PASS">
          <reporter-output>
          </reporter-output>
        </test-method> <!-- beforeClassMethod -->
        <test-method is-config="true" signature="beforeMethod(java.lang.String)[pri:0, instance:tests.TrackerTest@54bff557]" started-at="2021-10-04T15:34:43 IST" name="beforeMethod" finished-at="2021-10-04T15:34:44 IST" duration-ms="1578" status="PASS">
          <params>
            <param index="0">
              <value>
                <![CDATA[chrome]]>
              </value>
            </param>
          </params>
          <reporter-output>
          </reporter-output>
        </test-method> <!-- beforeMethod -->
        <test-method signature="trackerTestCases()[pri:7, instance:tests.TrackerTest@54bff557]" started-at="2021-10-04T15:34:44 IST" name="trackerTestCases" finished-at="2021-10-04T15:38:31 IST" duration-ms="226052" status="PASS">
          <reporter-output>
          </reporter-output>
        </test-method> <!-- trackerTestCases -->
        <test-method is-config="true" signature="afterMethod()[pri:0, instance:tests.TrackerTest@54bff557]" started-at="2021-10-04T15:38:31 IST" name="afterMethod" finished-at="2021-10-04T15:38:31 IST" duration-ms="921" status="PASS">
          <reporter-output>
          </reporter-output>
        </test-method> <!-- afterMethod -->
        <test-method is-config="true" signature="afterClassMethod()[pri:0, instance:tests.TrackerTest@54bff557]" started-at="2021-10-04T15:38:31 IST" name="afterClassMethod" finished-at="2021-10-04T15:38:31 IST" duration-ms="1" status="PASS">
          <reporter-output>
          </reporter-output>
        </test-method> <!-- afterClassMethod -->
      </class> <!-- tests.TrackerTest -->
    </test> <!-- MangoApps -->
  </suite> <!-- Suite -->
</testng-results>
