<?xml version="1.0" encoding="UTF-8"?>
<testng-results ignored="0" total="1" passed="1" failed="0" skipped="0">
  <reporter-output>
  </reporter-output>
  <suite started-at="2021-10-05T13:28:14 IST" name="Suite" finished-at="2021-10-05T13:32:50 IST" duration-ms="275532">
    <groups>
    </groups>
    <test started-at="2021-10-05T13:28:14 IST" name="MangoApps" finished-at="2021-10-05T13:32:50 IST" duration-ms="275532">
      <class name="tests.CreateProjectTemplateTest">
        <test-method is-config="true" signature="beforeSuiteMethod()[pri:0, instance:tests.CreateProjectTemplateTest@1de76cc7]" started-at="2021-10-05T13:28:14 IST" name="beforeSuiteMethod" finished-at="2021-10-05T13:28:14 IST" duration-ms="143" status="PASS">
          <reporter-output>
          </reporter-output>
        </test-method> <!-- beforeSuiteMethod -->
        <test-method is-config="true" signature="beforeClassMethod()[pri:0, instance:tests.CreateProjectTemplateTest@1de76cc7]" started-at="2021-10-05T13:28:14 IST" name="beforeClassMethod" finished-at="2021-10-05T13:28:14 IST" duration-ms="0" status="PASS">
          <reporter-output>
          </reporter-output>
        </test-method> <!-- beforeClassMethod -->
        <test-method is-config="true" signature="beforeMethod(java.lang.String)[pri:0, instance:tests.CreateProjectTemplateTest@1de76cc7]" started-at="2021-10-05T13:28:14 IST" name="beforeMethod" finished-at="2021-10-05T13:28:16 IST" duration-ms="1574" status="PASS">
          <params>
            <param index="0">
              <value>
                <![CDATA[chrome]]>
              </value>
            </param>
          </params>
          <reporter-output>
          </reporter-output>
        </test-method> <!-- beforeMethod -->
        <test-method signature="projectTemplatesCreation()[pri:1, instance:tests.CreateProjectTemplateTest@1de76cc7]" started-at="2021-10-05T13:28:16 IST" name="projectTemplatesCreation" finished-at="2021-10-05T13:32:49 IST" duration-ms="272959" status="PASS">
          <reporter-output>
          </reporter-output>
        </test-method> <!-- projectTemplatesCreation -->
        <test-method is-config="true" signature="afterMethod()[pri:0, instance:tests.CreateProjectTemplateTest@1de76cc7]" started-at="2021-10-05T13:32:49 IST" name="afterMethod" finished-at="2021-10-05T13:32:50 IST" duration-ms="966" status="PASS">
          <reporter-output>
          </reporter-output>
        </test-method> <!-- afterMethod -->
        <test-method is-config="true" signature="afterClassMethod()[pri:0, instance:tests.CreateProjectTemplateTest@1de76cc7]" started-at="2021-10-05T13:32:50 IST" name="afterClassMethod" finished-at="2021-10-05T13:32:50 IST" duration-ms="1" status="PASS">
          <reporter-output>
          </reporter-output>
        </test-method> <!-- afterClassMethod -->
      </class> <!-- tests.CreateProjectTemplateTest -->
    </test> <!-- MangoApps -->
  </suite> <!-- Suite -->
</testng-results>
