<?xml version="1.0" encoding="UTF-8"?>
<testng-results ignored="0" total="1" passed="1" failed="0" skipped="0">
  <reporter-output>
  </reporter-output>
  <suite started-at="2021-10-08T16:44:42 IST" name="Suite" finished-at="2021-10-08T16:48:30 IST" duration-ms="227537">
    <groups>
    </groups>
    <test started-at="2021-10-08T16:44:42 IST" name="MangoApps" finished-at="2021-10-08T16:48:30 IST" duration-ms="227537">
      <class name="tests.WikiTest">
        <test-method is-config="true" signature="beforeSuiteMethod()[pri:0, instance:tests.WikiTest@2dc54ad4]" started-at="2021-10-08T16:44:42 IST" name="beforeSuiteMethod" finished-at="2021-10-08T16:44:42 IST" duration-ms="146" status="PASS">
          <reporter-output>
          </reporter-output>
        </test-method> <!-- beforeSuiteMethod -->
        <test-method is-config="true" signature="beforeClassMethod()[pri:0, instance:tests.WikiTest@2dc54ad4]" started-at="2021-10-08T16:44:42 IST" name="beforeClassMethod" finished-at="2021-10-08T16:44:42 IST" duration-ms="1" status="PASS">
          <reporter-output>
          </reporter-output>
        </test-method> <!-- beforeClassMethod -->
        <test-method is-config="true" signature="beforeMethod(java.lang.String)[pri:0, instance:tests.WikiTest@2dc54ad4]" started-at="2021-10-08T16:44:42 IST" name="beforeMethod" finished-at="2021-10-08T16:44:44 IST" duration-ms="1662" status="PASS">
          <params>
            <param index="0">
              <value>
                <![CDATA[chrome]]>
              </value>
            </param>
          </params>
          <reporter-output>
          </reporter-output>
        </test-method> <!-- beforeMethod -->
        <test-method signature="wikiTestCases()[pri:4, instance:tests.WikiTest@2dc54ad4]" started-at="2021-10-08T16:44:44 IST" name="wikiTestCases" finished-at="2021-10-08T16:48:29 IST" duration-ms="224924" status="PASS">
          <reporter-output>
          </reporter-output>
        </test-method> <!-- wikiTestCases -->
        <test-method is-config="true" signature="afterMethod()[pri:0, instance:tests.WikiTest@2dc54ad4]" started-at="2021-10-08T16:48:29 IST" name="afterMethod" finished-at="2021-10-08T16:48:30 IST" duration-ms="917" status="PASS">
          <reporter-output>
          </reporter-output>
        </test-method> <!-- afterMethod -->
        <test-method is-config="true" signature="afterClassMethod()[pri:0, instance:tests.WikiTest@2dc54ad4]" started-at="2021-10-08T16:48:30 IST" name="afterClassMethod" finished-at="2021-10-08T16:48:30 IST" duration-ms="1" status="PASS">
          <reporter-output>
          </reporter-output>
        </test-method> <!-- afterClassMethod -->
      </class> <!-- tests.WikiTest -->
    </test> <!-- MangoApps -->
  </suite> <!-- Suite -->
</testng-results>
