<?xml version="1.0" encoding="UTF-8"?>
<testng-results ignored="0" total="1" passed="1" failed="0" skipped="0">
  <reporter-output>
  </reporter-output>
  <suite started-at="2021-10-11T22:38:20 IST" name="Suite" finished-at="2021-10-11T22:39:43 IST" duration-ms="82053">
    <groups>
    </groups>
    <test started-at="2021-10-11T22:38:20 IST" name="MangoApps" finished-at="2021-10-11T22:39:43 IST" duration-ms="82053">
      <class name="tests.WikiTest">
        <test-method is-config="true" signature="beforeSuiteMethod()[pri:0, instance:tests.WikiTest@593aaf41]" started-at="2021-10-11T22:38:20 IST" name="beforeSuiteMethod" finished-at="2021-10-11T22:38:20 IST" duration-ms="130" status="PASS">
          <reporter-output>
          </reporter-output>
        </test-method> <!-- beforeSuiteMethod -->
        <test-method is-config="true" signature="beforeClassMethod()[pri:0, instance:tests.WikiTest@593aaf41]" started-at="2021-10-11T22:38:20 IST" name="beforeClassMethod" finished-at="2021-10-11T22:38:20 IST" duration-ms="0" status="PASS">
          <reporter-output>
          </reporter-output>
        </test-method> <!-- beforeClassMethod -->
        <test-method is-config="true" signature="beforeMethod(java.lang.String)[pri:0, instance:tests.WikiTest@593aaf41]" started-at="2021-10-11T22:38:21 IST" name="beforeMethod" finished-at="2021-10-11T22:38:22 IST" duration-ms="1615" status="PASS">
          <params>
            <param index="0">
              <value>
                <![CDATA[chrome]]>
              </value>
            </param>
          </params>
          <reporter-output>
          </reporter-output>
        </test-method> <!-- beforeMethod -->
        <test-method signature="wikiTestCases()[pri:4, instance:tests.WikiTest@593aaf41]" started-at="2021-10-11T22:38:22 IST" name="wikiTestCases" finished-at="2021-10-11T22:39:42 IST" duration-ms="79494" status="PASS">
          <reporter-output>
          </reporter-output>
        </test-method> <!-- wikiTestCases -->
        <test-method is-config="true" signature="afterMethod()[pri:0, instance:tests.WikiTest@593aaf41]" started-at="2021-10-11T22:39:42 IST" name="afterMethod" finished-at="2021-10-11T22:39:43 IST" duration-ms="915" status="PASS">
          <reporter-output>
          </reporter-output>
        </test-method> <!-- afterMethod -->
        <test-method is-config="true" signature="afterClassMethod()[pri:0, instance:tests.WikiTest@593aaf41]" started-at="2021-10-11T22:39:43 IST" name="afterClassMethod" finished-at="2021-10-11T22:39:43 IST" duration-ms="1" status="PASS">
          <reporter-output>
          </reporter-output>
        </test-method> <!-- afterClassMethod -->
      </class> <!-- tests.WikiTest -->
    </test> <!-- MangoApps -->
  </suite> <!-- Suite -->
</testng-results>
